[2018-03-25 01:08:59,338] INFO [controller-event-thread]: Starting (kafka.controller.ControllerEventManager$ControllerEventThread)
[2018-03-25 01:08:59,409] INFO [Controller 0]: 0 successfully elected as the controller (kafka.controller.KafkaController)
[2018-03-25 01:08:59,410] INFO [Controller 0]: Broker 0 starting become controller state transition (kafka.controller.KafkaController)
[2018-03-25 01:08:59,413] INFO [Controller 0]: Initialized controller epoch to 20 and zk version 19 (kafka.controller.KafkaController)
[2018-03-25 01:08:59,421] INFO [Controller 0]: Controller 0 incremented epoch to 21 (kafka.controller.KafkaController)
[2018-03-25 01:08:59,423] DEBUG [Controller 0]: Registering IsrChangeNotificationListener (kafka.controller.KafkaController)
[2018-03-25 01:08:59,502] INFO [Controller 0]: Partitions being reassigned: Map() (kafka.controller.KafkaController)
[2018-03-25 01:08:59,503] INFO [Controller 0]: Partitions already reassigned: Set() (kafka.controller.KafkaController)
[2018-03-25 01:08:59,505] INFO [Controller 0]: Resuming reassignment of partitions: Map() (kafka.controller.KafkaController)
[2018-03-25 01:08:59,513] INFO [Controller 0]: Currently active brokers in the cluster: Set() (kafka.controller.KafkaController)
[2018-03-25 01:08:59,513] INFO [Controller 0]: Currently shutting brokers in the cluster: Set() (kafka.controller.KafkaController)
[2018-03-25 01:08:59,521] INFO [Controller 0]: Current list of topics in the cluster: Set() (kafka.controller.KafkaController)
[2018-03-25 01:08:59,536] INFO [Controller 0]: List of topics to be deleted:  (kafka.controller.KafkaController)
[2018-03-25 01:08:59,562] INFO [Controller 0]: List of topics ineligible for deletion:  (kafka.controller.KafkaController)
[2018-03-25 01:08:59,590] INFO [Replica state machine on controller 0]: Started replica state machine with initial state -> Map() (kafka.controller.ReplicaStateMachine)
[2018-03-25 01:08:59,594] INFO [Partition state machine on Controller 0]: Started partition state machine with initial state -> Map() (kafka.controller.PartitionStateMachine)
[2018-03-25 01:08:59,595] INFO [Controller 0]: Broker 0 is ready to serve as the new controller with epoch 21 (kafka.controller.KafkaController)
[2018-03-25 01:08:59,602] INFO [Controller 0]: Partitions undergoing preferred replica election:  (kafka.controller.KafkaController)
[2018-03-25 01:08:59,603] INFO [Controller 0]: Partitions that completed preferred replica election:  (kafka.controller.KafkaController)
[2018-03-25 01:08:59,605] INFO [Controller 0]: Skipping preferred replica election for partitions due to topic deletion:  (kafka.controller.KafkaController)
[2018-03-25 01:08:59,606] INFO [Controller 0]: Resuming preferred replica election for partitions:  (kafka.controller.KafkaController)
[2018-03-25 01:08:59,607] INFO [Controller 0]: Starting preferred replica leader election for partitions  (kafka.controller.KafkaController)
[2018-03-25 01:08:59,614] INFO [Partition state machine on Controller 0]: Invoking state change to OnlinePartition for partitions  (kafka.controller.PartitionStateMachine)
[2018-03-25 01:08:59,635] INFO [Controller 0]: starting the controller scheduler (kafka.controller.KafkaController)
[2018-03-25 01:08:59,789] INFO [Controller 0]: Newly added brokers: 0, deleted brokers: , all live brokers: 0 (kafka.controller.KafkaController)
[2018-03-25 01:08:59,791] DEBUG [Channel manager on controller 0]: Controller 0 trying to connect to broker 0 (kafka.controller.ControllerChannelManager)
[2018-03-25 01:08:59,804] INFO [Controller-0-to-broker-0-send-thread]: Starting (kafka.controller.RequestSendThread)
[2018-03-25 01:08:59,805] INFO [Controller 0]: New broker startup callback for 0 (kafka.controller.KafkaController)
[2018-03-25 01:08:59,826] INFO [Controller-0-to-broker-0-send-thread]: Controller 0 connected to knoldus-Inspiron-5558:9092 (id: 0 rack: null) for sending state change requests (kafka.controller.RequestSendThread)
[2018-03-25 01:09:04,638] TRACE [Controller 0]: Checking need to trigger auto leader balancing (kafka.controller.KafkaController)
[2018-03-25 01:09:04,646] DEBUG [Controller 0]: Preferred replicas by broker Map() (kafka.controller.KafkaController)
[2018-03-25 01:10:53,588] INFO [Controller 0]: Shutting down broker 0 (kafka.controller.KafkaController)
[2018-03-25 01:10:53,589] DEBUG [Controller 0]: All shutting down brokers: 0 (kafka.controller.KafkaController)
[2018-03-25 01:10:53,590] DEBUG [Controller 0]: Live brokers:  (kafka.controller.KafkaController)
[2018-03-25 01:10:53,592] TRACE [Controller 0]: All leaders =  (kafka.controller.KafkaController)
[2018-03-25 01:10:55,961] INFO [controller-event-thread]: Shutting down (kafka.controller.ControllerEventManager$ControllerEventThread)
[2018-03-25 01:10:55,962] INFO [controller-event-thread]: Stopped (kafka.controller.ControllerEventManager$ControllerEventThread)
[2018-03-25 01:10:55,962] INFO [controller-event-thread]: Shutdown completed (kafka.controller.ControllerEventManager$ControllerEventThread)
[2018-03-25 01:10:55,962] DEBUG [Controller 0]: Controller resigning, broker id 0 (kafka.controller.KafkaController)
[2018-03-25 01:10:55,963] DEBUG [Controller 0]: De-registering IsrChangeNotificationListener (kafka.controller.KafkaController)
[2018-03-25 01:10:55,963] INFO [Partition state machine on Controller 0]: Stopped partition state machine (kafka.controller.PartitionStateMachine)
[2018-03-25 01:10:55,964] INFO [Replica state machine on controller 0]: Stopped replica state machine (kafka.controller.ReplicaStateMachine)
[2018-03-25 01:10:55,965] INFO [Controller-0-to-broker-0-send-thread]: Shutting down (kafka.controller.RequestSendThread)
[2018-03-25 01:10:55,965] INFO [Controller-0-to-broker-0-send-thread]: Shutdown completed (kafka.controller.RequestSendThread)
[2018-03-25 01:10:55,965] INFO [Controller-0-to-broker-0-send-thread]: Stopped (kafka.controller.RequestSendThread)
[2018-03-25 01:10:55,968] INFO [Controller 0]: Broker 0 resigned as the controller (kafka.controller.KafkaController)
